<?xml version="1.0" encoding="UTF-8"?>
<testng-results skipped="0" failed="0" ignored="0" total="1" passed="1">
  <reporter-output>
  </reporter-output>
  <suite name="Default suite" duration-ms="14426" started-at="2018-09-11T06:53:24Z" finished-at="2018-09-11T06:53:38Z">
    <groups>
    </groups>
    <test name="Default test" duration-ms="14426" started-at="2018-09-11T06:53:24Z" finished-at="2018-09-11T06:53:38Z">
      <class name="pompackage.Login">
        <test-method status="PASS" signature="setup()[pri:0, instance:pompackage.Login@27a8c74e]" name="setup" is-config="true" duration-ms="12908" started-at="2018-09-11T06:53:24Z" finished-at="2018-09-11T06:53:37Z">
          <reporter-output>
          </reporter-output>
        </test-method> <!-- setup -->
        <test-method status="PASS" signature="login()[pri:0, instance:pompackage.Login@27a8c74e]" name="login" duration-ms="1474" started-at="2018-09-11T06:53:37Z" finished-at="2018-09-11T06:53:38Z">
          <reporter-output>
          </reporter-output>
        </test-method> <!-- login -->
      </class> <!-- pompackage.Login -->
    </test> <!-- Default test -->
  </suite> <!-- Default suite -->
</testng-results>
